{"/Users/donnymeeks/Desktop/migrate/restaurant-bucket-list/packages/core/src/api/foursquareV3.ts": {"path":"/Users/donnymeeks/Desktop/migrate/restaurant-bucket-list/packages/core/src/api/foursquareV3.ts","statementMap":{"0":{"start":{"line":1,"column":0},"end":{"line":1,"column":26}},"1":{"start":{"line":2,"column":0},"end":{"line":2,"column":61}},"2":{"start":{"line":9,"column":0},"end":{"line":9,"column":50}},"3":{"start":{"line":12,"column":21},"end":{"line":12,"column":52}},"4":{"start":{"line":15,"column":0},"end":{"line":19,"column":1}},"5":{"start":{"line":16,"column":2},"end":{"line":18,"column":4}},"6":{"start":{"line":34,"column":4},"end":{"line":40,"column":7}},"7":{"start":{"line":47,"column":4},"end":{"line":49,"column":5}},"8":{"start":{"line":48,"column":6},"end":{"line":48,"column":63}},"9":{"start":{"line":50,"column":4},"end":{"line":50,"column":40}},"10":{"start":{"line":57,"column":4},"end":{"line":73,"column":5}},"11":{"start":{"line":58,"column":23},"end":{"line":67,"column":8}},"12":{"start":{"line":69,"column":6},"end":{"line":69,"column":64}},"13":{"start":{"line":71,"column":6},"end":{"line":71,"column":55}},"14":{"start":{"line":72,"column":6},"end":{"line":72,"column":18}},"15":{"start":{"line":80,"column":4},"end":{"line":86,"column":5}},"16":{"start":{"line":81,"column":23},"end":{"line":81,"column":73}},"17":{"start":{"line":82,"column":6},"end":{"line":82,"column":62}},"18":{"start":{"line":84,"column":6},"end":{"line":84,"column":77}},"19":{"start":{"line":85,"column":6},"end":{"line":85,"column":18}},"20":{"start":{"line":93,"column":4},"end":{"line":114,"column":null}},"21":{"start":{"line":99,"column":38},"end":{"line":103,"column":6}},"22":{"start":{"line":105,"column":4},"end":{"line":107,"column":5}},"23":{"start":{"line":106,"column":6},"end":{"line":106,"column":27}},"24":{"start":{"line":109,"column":4},"end":{"line":111,"column":5}},"25":{"start":{"line":110,"column":6},"end":{"line":110,"column":47}},"26":{"start":{"line":113,"column":4},"end":{"line":113,"column":37}},"27":{"start":{"line":120,"column":4},"end":{"line":128,"column":null}},"28":{"start":{"line":123,"column":4},"end":{"line":127,"column":7}},"29":{"start":{"line":28,"column":0},"end":{"line":28,"column":13}},"30":{"start":{"line":132,"column":13},"end":{"line":132,"column":69}},"31":{"start":{"line":135,"column":0},"end":{"line":135,"column":35}}},"fnMap":{"0":{"name":"(anonymous_8)","decl":{"start":{"line":32,"column":2},"end":{"line":32,"column":null}},"loc":{"start":{"line":32,"column":2},"end":{"line":41,"column":3}}},"1":{"name":"(anonymous_9)","decl":{"start":{"line":46,"column":9},"end":{"line":46,"column":15}},"loc":{"start":{"line":46,"column":27},"end":{"line":51,"column":3}}},"2":{"name":"(anonymous_10)","decl":{"start":{"line":56,"column":15},"end":{"line":56,"column":27}},"loc":{"start":{"line":56,"column":53},"end":{"line":74,"column":null}}},"3":{"name":"(anonymous_12)","decl":{"start":{"line":79,"column":15},"end":{"line":79,"column":30}},"loc":{"start":{"line":79,"column":46},"end":{"line":87,"column":null}}},"4":{"name":"(anonymous_14)","decl":{"start":{"line":92,"column":15},"end":{"line":92,"column":33}},"loc":{"start":{"line":92,"column":33},"end":{"line":114,"column":null}}},"5":{"name":"(anonymous_15)","decl":{"start":{"line":93,"column":4},"end":{"line":93,"column":28}},"loc":{"start":{"line":97,"column":22},"end":{"line":114,"column":3}}},"6":{"name":"(anonymous_16)","decl":{"start":{"line":119,"column":15},"end":{"line":119,"column":35}},"loc":{"start":{"line":119,"column":35},"end":{"line":128,"column":null}}},"7":{"name":"(anonymous_17)","decl":{"start":{"line":120,"column":4},"end":{"line":120,"column":28}},"loc":{"start":{"line":121,"column":22},"end":{"line":128,"column":3}}}},"branchMap":{"0":{"loc":{"start":{"line":15,"column":0},"end":{"line":19,"column":1}},"type":"if","locations":[{"start":{"line":15,"column":0},"end":{"line":19,"column":1}}]},"1":{"loc":{"start":{"line":47,"column":4},"end":{"line":49,"column":5}},"type":"if","locations":[{"start":{"line":47,"column":4},"end":{"line":49,"column":5}}]},"2":{"loc":{"start":{"line":64,"column":17},"end":{"line":64,"column":35}},"type":"binary-expr","locations":[{"start":{"line":64,"column":17},"end":{"line":64,"column":29}},{"start":{"line":64,"column":33},"end":{"line":64,"column":35}}]},"3":{"loc":{"start":{"line":65,"column":16},"end":{"line":65,"column":41}},"type":"binary-expr","locations":[{"start":{"line":65,"column":16},"end":{"line":65,"column":27}},{"start":{"line":65,"column":31},"end":{"line":65,"column":41}}]},"4":{"loc":{"start":{"line":96,"column":4},"end":{"line":96,"column":25}},"type":"default-arg","locations":[{"start":{"line":96,"column":21},"end":{"line":96,"column":25}}]},"5":{"loc":{"start":{"line":97,"column":4},"end":{"line":97,"column":22}},"type":"default-arg","locations":[{"start":{"line":97,"column":20},"end":{"line":97,"column":22}}]},"6":{"loc":{"start":{"line":105,"column":4},"end":{"line":107,"column":5}},"type":"if","locations":[{"start":{"line":105,"column":4},"end":{"line":107,"column":5}}]},"7":{"loc":{"start":{"line":109,"column":4},"end":{"line":111,"column":5}},"type":"if","locations":[{"start":{"line":109,"column":4},"end":{"line":111,"column":5}}]},"8":{"loc":{"start":{"line":109,"column":8},"end":{"line":109,"column":43}},"type":"binary-expr","locations":[{"start":{"line":109,"column":8},"end":{"line":109,"column":18}},{"start":{"line":109,"column":22},"end":{"line":109,"column":43}}]},"9":{"loc":{"start":{"line":121,"column":4},"end":{"line":121,"column":22}},"type":"default-arg","locations":[{"start":{"line":121,"column":20},"end":{"line":121,"column":22}}]}},"s":{"0":0,"1":0,"2":0,"3":0,"4":0,"5":0,"6":0,"7":0,"8":0,"9":0,"10":0,"11":0,"12":0,"13":0,"14":0,"15":0,"16":0,"17":0,"18":0,"19":0,"20":0,"21":0,"22":0,"23":0,"24":0,"25":0,"26":0,"27":0,"28":0,"29":0,"30":0,"31":0},"f":{"0":0,"1":0,"2":0,"3":0,"4":0,"5":0,"6":0,"7":0},"b":{"0":[0],"1":[0],"2":[0,0],"3":[0,0],"4":[0],"5":[0],"6":[0],"7":[0],"8":[0,0],"9":[0]}}
,"/Users/donnymeeks/Desktop/migrate/restaurant-bucket-list/packages/core/src/hooks/useGeolocation.ts": {"path":"/Users/donnymeeks/Desktop/migrate/restaurant-bucket-list/packages/core/src/hooks/useGeolocation.ts","statementMap":{"0":{"start":{"line":1,"column":0},"end":{"line":1,"column":57}},"1":{"start":{"line":2,"column":0},"end":{"line":2,"column":58}},"2":{"start":{"line":3,"column":0},"end":{"line":3,"column":85}},"3":{"start":{"line":17,"column":30},"end":{"line":84,"column":1}},"4":{"start":{"line":18,"column":19},"end":{"line":18,"column":35}},"5":{"start":{"line":19,"column":22},"end":{"line":19,"column":72}},"6":{"start":{"line":19,"column":46},"end":{"line":19,"column":71}},"7":{"start":{"line":20,"column":28},"end":{"line":20,"column":91}},"8":{"start":{"line":20,"column":52},"end":{"line":20,"column":90}},"9":{"start":{"line":21,"column":32},"end":{"line":21,"column":56}},"10":{"start":{"line":22,"column":28},"end":{"line":22,"column":57}},"11":{"start":{"line":25,"column":26},"end":{"line":29,"column":16}},"12":{"start":{"line":26,"column":4},"end":{"line":26,"column":21}},"13":{"start":{"line":27,"column":4},"end":{"line":27,"column":19}},"14":{"start":{"line":28,"column":4},"end":{"line":28,"column":32}},"15":{"start":{"line":32,"column":2},"end":{"line":68,"column":34}},"16":{"start":{"line":34,"column":4},"end":{"line":37,"column":5}},"17":{"start":{"line":35,"column":6},"end":{"line":35,"column":63}},"18":{"start":{"line":36,"column":6},"end":{"line":36,"column":13}},"19":{"start":{"line":40,"column":4},"end":{"line":67,"column":5}},"20":{"start":{"line":41,"column":6},"end":{"line":66,"column":11}},"21":{"start":{"line":44,"column":10},"end":{"line":53,"column":11}},"22":{"start":{"line":45,"column":12},"end":{"line":45,"column":50}},"23":{"start":{"line":46,"column":12},"end":{"line":46,"column":30}},"24":{"start":{"line":47,"column":17},"end":{"line":53,"column":11}},"25":{"start":{"line":49,"column":12},"end":{"line":49,"column":51}},"26":{"start":{"line":50,"column":17},"end":{"line":53,"column":11}},"27":{"start":{"line":51,"column":12},"end":{"line":51,"column":51}},"28":{"start":{"line":52,"column":12},"end":{"line":52,"column":51}},"29":{"start":{"line":56,"column":10},"end":{"line":62,"column":13}},"30":{"start":{"line":57,"column":12},"end":{"line":57,"column":72}},"31":{"start":{"line":59,"column":12},"end":{"line":61,"column":13}},"32":{"start":{"line":60,"column":14},"end":{"line":60,"column":32}},"33":{"start":{"line":65,"column":10},"end":{"line":65,"column":71}},"34":{"start":{"line":71,"column":2},"end":{"line":75,"column":20}},"35":{"start":{"line":72,"column":4},"end":{"line":74,"column":5}},"36":{"start":{"line":73,"column":6},"end":{"line":73,"column":24}},"37":{"start":{"line":77,"column":2},"end":{"line":83,"column":4}},"38":{"start":{"line":17,"column":13},"end":{"line":17,"column":30}}},"fnMap":{"0":{"name":"(anonymous_0)","decl":{"start":{"line":17,"column":30},"end":{"line":17,"column":50}},"loc":{"start":{"line":17,"column":52},"end":{"line":84,"column":1}}},"1":{"name":"(anonymous_1)","decl":{"start":{"line":19,"column":37},"end":{"line":19,"column":42}},"loc":{"start":{"line":19,"column":46},"end":{"line":19,"column":71}}},"2":{"name":"(anonymous_2)","decl":{"start":{"line":20,"column":43},"end":{"line":20,"column":48}},"loc":{"start":{"line":20,"column":52},"end":{"line":20,"column":90}}},"3":{"name":"(anonymous_3)","decl":{"start":{"line":25,"column":38},"end":{"line":25,"column":41}},"loc":{"start":{"line":25,"column":43},"end":{"line":29,"column":3}}},"4":{"name":"(anonymous_4)","decl":{"start":{"line":32,"column":12},"end":{"line":32,"column":15}},"loc":{"start":{"line":32,"column":17},"end":{"line":68,"column":3}}},"5":{"name":"(anonymous_5)","decl":{"start":{"line":43,"column":14},"end":{"line":43,"column":20}},"loc":{"start":{"line":43,"column":23},"end":{"line":63,"column":9}}},"6":{"name":"(anonymous_6)","decl":{"start":{"line":56,"column":44},"end":{"line":56,"column":47}},"loc":{"start":{"line":56,"column":49},"end":{"line":62,"column":11}}},"7":{"name":"(anonymous_7)","decl":{"start":{"line":64,"column":15},"end":{"line":64,"column":18}},"loc":{"start":{"line":64,"column":21},"end":{"line":66,"column":9}}},"8":{"name":"(anonymous_8)","decl":{"start":{"line":71,"column":12},"end":{"line":71,"column":15}},"loc":{"start":{"line":71,"column":17},"end":{"line":75,"column":3}}}},"branchMap":{"0":{"loc":{"start":{"line":34,"column":4},"end":{"line":37,"column":5}},"type":"if","locations":[{"start":{"line":34,"column":4},"end":{"line":37,"column":5}}]},"1":{"loc":{"start":{"line":40,"column":4},"end":{"line":67,"column":5}},"type":"if","locations":[{"start":{"line":40,"column":4},"end":{"line":67,"column":5}}]},"2":{"loc":{"start":{"line":40,"column":8},"end":{"line":40,"column":60}},"type":"binary-expr","locations":[{"start":{"line":40,"column":8},"end":{"line":40,"column":29}},{"start":{"line":40,"column":33},"end":{"line":40,"column":60}}]},"3":{"loc":{"start":{"line":44,"column":10},"end":{"line":53,"column":11}},"type":"if","locations":[{"start":{"line":44,"column":10},"end":{"line":53,"column":11}},{"start":{"line":47,"column":17},"end":{"line":53,"column":11}}]},"4":{"loc":{"start":{"line":47,"column":17},"end":{"line":53,"column":11}},"type":"if","locations":[{"start":{"line":47,"column":17},"end":{"line":53,"column":11}},{"start":{"line":50,"column":17},"end":{"line":53,"column":11}}]},"5":{"loc":{"start":{"line":50,"column":17},"end":{"line":53,"column":11}},"type":"if","locations":[{"start":{"line":50,"column":17},"end":{"line":53,"column":11}}]},"6":{"loc":{"start":{"line":59,"column":12},"end":{"line":61,"column":13}},"type":"if","locations":[{"start":{"line":59,"column":12},"end":{"line":61,"column":13}}]},"7":{"loc":{"start":{"line":72,"column":4},"end":{"line":74,"column":5}},"type":"if","locations":[{"start":{"line":72,"column":4},"end":{"line":74,"column":5}}]}},"s":{"0":0,"1":0,"2":0,"3":0,"4":0,"5":0,"6":0,"7":0,"8":0,"9":0,"10":0,"11":0,"12":0,"13":0,"14":0,"15":0,"16":0,"17":0,"18":0,"19":0,"20":0,"21":0,"22":0,"23":0,"24":0,"25":0,"26":0,"27":0,"28":0,"29":0,"30":0,"31":0,"32":0,"33":0,"34":0,"35":0,"36":0,"37":0,"38":0},"f":{"0":0,"1":0,"2":0,"3":0,"4":0,"5":0,"6":0,"7":0,"8":0},"b":{"0":[0],"1":[0],"2":[0,0],"3":[0,0],"4":[0,0],"5":[0],"6":[0],"7":[0]}}
,"/Users/donnymeeks/Desktop/migrate/restaurant-bucket-list/packages/core/src/store/rootSaga.ts": {"path":"/Users/donnymeeks/Desktop/migrate/restaurant-bucket-list/packages/core/src/store/rootSaga.ts","statementMap":{"0":{"start":{"line":8,"column":0},"end":{"line":8,"column":15}},"1":{"start":{"line":1,"column":0},"end":{"line":1,"column":47}},"2":{"start":{"line":2,"column":0},"end":{"line":2,"column":49}},"3":{"start":{"line":3,"column":0},"end":{"line":3,"column":53}},"4":{"start":{"line":4,"column":0},"end":{"line":4,"column":45}},"5":{"start":{"line":5,"column":0},"end":{"line":5,"column":57}},"6":{"start":{"line":9,"column":2},"end":{"line":9,"column":94}}},"fnMap":{"0":{"name":"rootSaga","decl":{"start":{"line":8,"column":17},"end":{"line":8,"column":25}},"loc":{"start":{"line":8,"column":25},"end":{"line":10,"column":1}}}},"branchMap":{},"s":{"0":0,"1":0,"2":0,"3":0,"4":0,"5":0,"6":0},"f":{"0":0},"b":{}}
,"/Users/donnymeeks/Desktop/migrate/restaurant-bucket-list/packages/core/src/store/slices/authSlice.ts": {"path":"/Users/donnymeeks/Desktop/migrate/restaurant-bucket-list/packages/core/src/store/slices/authSlice.ts","statementMap":{"0":{"start":{"line":1,"column":0},"end":{"line":1,"column":62}},"1":{"start":{"line":5,"column":32},"end":{"line":10,"column":2}},"2":{"start":{"line":13,"column":18},"end":{"line":58,"column":2}},"3":{"start":{"line":19,"column":6},"end":{"line":19,"column":27}},"4":{"start":{"line":20,"column":6},"end":{"line":20,"column":25}},"5":{"start":{"line":24,"column":6},"end":{"line":24,"column":35}},"6":{"start":{"line":25,"column":6},"end":{"line":25,"column":34}},"7":{"start":{"line":26,"column":6},"end":{"line":26,"column":28}},"8":{"start":{"line":27,"column":6},"end":{"line":27,"column":25}},"9":{"start":{"line":31,"column":6},"end":{"line":31,"column":28}},"10":{"start":{"line":32,"column":6},"end":{"line":32,"column":35}},"11":{"start":{"line":37,"column":6},"end":{"line":37,"column":27}},"12":{"start":{"line":38,"column":6},"end":{"line":38,"column":25}},"13":{"start":{"line":42,"column":6},"end":{"line":42,"column":36}},"14":{"start":{"line":43,"column":6},"end":{"line":43,"column":24}},"15":{"start":{"line":44,"column":6},"end":{"line":44,"column":28}},"16":{"start":{"line":45,"column":6},"end":{"line":45,"column":25}},"17":{"start":{"line":49,"column":6},"end":{"line":49,"column":28}},"18":{"start":{"line":50,"column":6},"end":{"line":50,"column":35}},"19":{"start":{"line":55,"column":6},"end":{"line":55,"column":25}},"20":{"start":{"line":61,"column":13},"end":{"line":68,"column":null}},"21":{"start":{"line":72,"column":0},"end":{"line":72,"column":33}}},"fnMap":{"0":{"name":"(anonymous_0)","decl":{"start":{"line":18,"column":4},"end":{"line":18,"column":9}},"loc":{"start":{"line":18,"column":75},"end":{"line":21,"column":5}}},"1":{"name":"(anonymous_1)","decl":{"start":{"line":23,"column":4},"end":{"line":23,"column":16}},"loc":{"start":{"line":23,"column":58},"end":{"line":28,"column":5}}},"2":{"name":"(anonymous_2)","decl":{"start":{"line":30,"column":4},"end":{"line":30,"column":16}},"loc":{"start":{"line":30,"column":53},"end":{"line":33,"column":5}}},"3":{"name":"(anonymous_3)","decl":{"start":{"line":36,"column":4},"end":{"line":36,"column":10}},"loc":{"start":{"line":36,"column":16},"end":{"line":39,"column":5}}},"4":{"name":"(anonymous_4)","decl":{"start":{"line":41,"column":4},"end":{"line":41,"column":17}},"loc":{"start":{"line":41,"column":23},"end":{"line":46,"column":5}}},"5":{"name":"(anonymous_5)","decl":{"start":{"line":48,"column":4},"end":{"line":48,"column":17}},"loc":{"start":{"line":48,"column":54},"end":{"line":51,"column":5}}},"6":{"name":"(anonymous_6)","decl":{"start":{"line":54,"column":4},"end":{"line":54,"column":14}},"loc":{"start":{"line":54,"column":20},"end":{"line":56,"column":5}}}},"branchMap":{},"s":{"0":0,"1":0,"2":0,"3":0,"4":0,"5":0,"6":0,"7":0,"8":0,"9":0,"10":0,"11":0,"12":0,"13":0,"14":0,"15":0,"16":0,"17":0,"18":0,"19":0,"20":0,"21":0},"f":{"0":0,"1":0,"2":0,"3":0,"4":0,"5":0,"6":0},"b":{}}
,"/Users/donnymeeks/Desktop/migrate/restaurant-bucket-list/packages/core/src/store/slices/uiSlice.ts": {"path":"/Users/donnymeeks/Desktop/migrate/restaurant-bucket-list/packages/core/src/store/slices/uiSlice.ts","statementMap":{"0":{"start":{"line":1,"column":0},"end":{"line":1,"column":62}},"1":{"start":{"line":4,"column":30},"end":{"line":8,"column":2}},"2":{"start":{"line":10,"column":16},"end":{"line":35,"column":2}},"3":{"start":{"line":16,"column":6},"end":{"line":16,"column":35}},"4":{"start":{"line":19,"column":6},"end":{"line":19,"column":63}},"5":{"start":{"line":24,"column":6},"end":{"line":24,"column":43}},"6":{"start":{"line":29,"column":6},"end":{"line":29,"column":42}},"7":{"start":{"line":32,"column":6},"end":{"line":32,"column":43}},"8":{"start":{"line":37,"column":13},"end":{"line":42,"column":null}},"9":{"start":{"line":45,"column":0},"end":{"line":45,"column":31}}},"fnMap":{"0":{"name":"(anonymous_0)","decl":{"start":{"line":15,"column":14},"end":{"line":15,"column":15}},"loc":{"start":{"line":15,"column":65},"end":{"line":17,"column":5}}},"1":{"name":"(anonymous_1)","decl":{"start":{"line":18,"column":17},"end":{"line":18,"column":22}},"loc":{"start":{"line":18,"column":25},"end":{"line":20,"column":5}}},"2":{"name":"(anonymous_2)","decl":{"start":{"line":23,"column":22},"end":{"line":23,"column":23}},"loc":{"start":{"line":23,"column":77},"end":{"line":25,"column":5}}},"3":{"name":"(anonymous_3)","decl":{"start":{"line":28,"column":24},"end":{"line":28,"column":29}},"loc":{"start":{"line":28,"column":32},"end":{"line":30,"column":5}}},"4":{"name":"(anonymous_4)","decl":{"start":{"line":31,"column":21},"end":{"line":31,"column":26}},"loc":{"start":{"line":31,"column":29},"end":{"line":33,"column":5}}}},"branchMap":{"0":{"loc":{"start":{"line":19,"column":20},"end":{"line":19,"column":62}},"type":"cond-expr","locations":[{"start":{"line":19,"column":46},"end":{"line":19,"column":52}},{"start":{"line":19,"column":55},"end":{"line":19,"column":62}}]}},"s":{"0":0,"1":0,"2":0,"3":0,"4":0,"5":0,"6":0,"7":0,"8":0,"9":0},"f":{"0":0,"1":0,"2":0,"3":0,"4":0},"b":{"0":[0,0]}}
}
